#
# There is insufficient memory for the Java Runtime Environment to continue.
# Native memory allocation (malloc) failed to allocate 1048576 bytes for AllocateHeap
# Possible reasons:
#   The system is out of physical RAM or swap space
#   In 32 bit mode, the process size limit was hit
# Possible solutions:
#   Reduce memory load on the system
#   Increase physical memory or swap space
#   Check if swap backing store is full
#   Use 64 bit Java on a 64 bit OS
#   Decrease Java heap size (-Xmx/-Xms)
#   Decrease number of Java threads
#   Decrease Java thread stack sizes (-Xss)
#   Set larger code cache with -XX:ReservedCodeCacheSize=
# This output file may be truncated or incomplete.
#
#  Out of Memory Error (memory/allocation.inline.hpp:61), pid=3304, tid=7960
#
# JRE version:  (8.0_73-b02) (build )
# Java VM: Java HotSpot(TM) 64-Bit Server VM (25.73-b02 mixed mode windows-amd64 compressed oops)
# Failed to write core dump. Minidumps are not enabled by default on client versions of Windows
#

---------------  T H R E A D  ---------------

Current thread (0x00000000021f0800):  JavaThread "Unknown thread" [_thread_in_vm, id=7960, stack(0x00000000020f0000,0x00000000021f0000)]

Stack: [0x00000000020f0000,0x00000000021f0000]
[error occurred during error reporting (printing stack bounds), id 0xc0000005]

Native frames: (J=compiled Java code, j=interpreted, Vv=VM code, C=native code)


---------------  P R O C E S S  ---------------

Java Threads: ( => current thread )

Other Threads:

=>0x00000000021f0800 (exited) JavaThread "Unknown thread" [_thread_in_vm, id=7960, stack(0x00000000020f0000,0x00000000021f0000)]

VM state:not at safepoint (normal execution)

VM Mutex/Monitor currently owned by a thread: None

Heap:
 PSYoungGen      total 38400K, used 665K [0x00000000eab00000, 0x00000000ed580000, 0x0000000100000000)
  eden space 33280K, 2% used [0x00000000eab00000,0x00000000eaba6670,0x00000000ecb80000)
  from space 5120K, 0% used [0x00000000ed080000,0x00000000ed080000,0x00000000ed580000)
  to   space 5120K, 0% used [0x00000000ecb80000,0x00000000ecb80000,0x00000000ed080000)
 ParOldGen       total 87552K, used 0K [0x00000000c0000000, 0x00000000c5580000, 0x00000000eab00000)
  object space 87552K, 0% used [0x00000000c0000000,0x00000000c0000000,0x00000000c5580000)
 Metaspace       used 769K, capacity 4480K, committed 4480K, reserved 1056768K
  class space    used 75K, capacity 384K, committed 384K, reserved 1048576K

Card table byte_map: [0x00000000116b0000,0x00000000118c0000] byte_map_base: 0x00000000110b0000

Marking Bits: (ParMarkBitMap*) 0x000000005ce90600
 Begin Bits: [0x0000000012220000, 0x0000000013220000)
 End Bits:   [0x0000000013220000, 0x0000000014220000)

Polling page: 0x0000000000550000

CodeCache: size=245760Kb used=328Kb max_used=328Kb free=245431Kb
 bounds [0x00000000022f0000, 0x0000000002560000, 0x00000000112f0000]
 total_blobs=57 nmethods=0 adapters=37
 compilation: enabled

Compilation events (0 events):
No events

GC Heap History (0 events):
No events

Deoptimization events (0 events):
No events

Internal exceptions (0 events):
No events

Events (10 events):
Event: 0.025 loading class java/lang/Short
Event: 0.025 loading class java/lang/Short done
Event: 0.025 loading class java/lang/Integer
Event: 0.025 loading class java/lang/Integer done
Event: 0.025 loading class java/lang/Long
Event: 0.025 loading class java/lang/Long done
Event: 0.027 loading class java/lang/NullPointerException
Event: 0.027 loading class java/lang/NullPointerException done
Event: 0.027 loading class java/lang/ArithmeticException
Event: 0.027 loading class java/lang/ArithmeticException done


Dynamic libraries:
0x00007ff60cf00000 - 0x00007ff60cf37000 	E:\Java\jdk1.8.0_73\bin\java.exe
0x00007ff887be0000 - 0x00007ff887da1000 	C:\WINDOWS\SYSTEM32\ntdll.dll
0x00007ff886140000 - 0x00007ff8861ed000 	C:\WINDOWS\system32\KERNEL32.DLL
0x00007ff8842b0000 - 0x00007ff884498000 	C:\WINDOWS\system32\KERNELBASE.dll
0x00007ff886550000 - 0x00007ff8865f7000 	C:\WINDOWS\system32\ADVAPI32.dll
0x00007ff8855e0000 - 0x00007ff88567d000 	C:\WINDOWS\system32\msvcrt.dll
0x00007ff885f10000 - 0x00007ff885f6b000 	C:\WINDOWS\system32\sechost.dll
0x00007ff886370000 - 0x00007ff88648c000 	C:\WINDOWS\system32\RPCRT4.dll
0x00007ff885c00000 - 0x00007ff885d56000 	C:\WINDOWS\system32\USER32.dll
0x00007ff885020000 - 0x00007ff8851a6000 	C:\WINDOWS\system32\GDI32.dll
0x00007ff8801f0000 - 0x00007ff880464000 	C:\WINDOWS\WinSxS\amd64_microsoft.windows.common-controls_6595b64144ccf1df_6.0.10586.0_none_8c15ae12515e1c22\COMCTL32.dll
0x00007ff885290000 - 0x00007ff88550d000 	C:\WINDOWS\system32\combase.dll
0x00007ff8844a0000 - 0x00007ff88450a000 	C:\WINDOWS\system32\bcryptPrimitives.dll
0x00007ff884fe0000 - 0x00007ff88501b000 	C:\WINDOWS\system32\IMM32.DLL
0x000000005c5a0000 - 0x000000005c672000 	E:\Java\jdk1.8.0_73\jre\bin\msvcr100.dll
0x000000005c680000 - 0x000000005cf10000 	E:\Java\jdk1.8.0_73\jre\bin\server\jvm.dll
0x00007ff8851b0000 - 0x00007ff8851b8000 	C:\WINDOWS\system32\PSAPI.DLL
0x00007ff874800000 - 0x00007ff874809000 	C:\WINDOWS\SYSTEM32\WSOCK32.dll
0x00007ff887b70000 - 0x00007ff887bdb000 	C:\WINDOWS\system32\WS2_32.dll
0x00007ff8829a0000 - 0x00007ff8829c3000 	C:\WINDOWS\SYSTEM32\WINMM.dll
0x00007ff880530000 - 0x00007ff88053a000 	C:\WINDOWS\SYSTEM32\VERSION.dll
0x00007ff882940000 - 0x00007ff88296c000 	C:\WINDOWS\SYSTEM32\WINMMBASE.dll
0x00007ff884ee0000 - 0x00007ff884f23000 	C:\WINDOWS\system32\cfgmgr32.dll
0x000000005c590000 - 0x000000005c59f000 	E:\Java\jdk1.8.0_73\jre\bin\verify.dll
0x000000005c560000 - 0x000000005c589000 	E:\Java\jdk1.8.0_73\jre\bin\java.dll
0x000000005c540000 - 0x000000005c556000 	E:\Java\jdk1.8.0_73\jre\bin\zip.dll

VM Arguments:
jvm_args: -Djava.awt.headless=true -Xmx1024M -Dfile.encoding=windows-1252 -Duser.country=US -Duser.language=en -Duser.variant 
java_command: com.android.dx.command.Main --dex --num-threads=4 --output C:\Users\Yeong How\Documents\GitHub\HawkerDelivery\app\build\intermediates\pre-dexed\debug\com.android.support-support-vector-drawable-23.2.1_68dfbd9c82271f8568c1e4a69eeb871d564e7636.jar C:\Users\Yeong How\Documents\GitHub\HawkerDelivery\app\build\intermediates\exploded-aar\com.android.support\support-vector-drawable\23.2.1\jars\classes.jar
java_class_path (initial): E:\Android\sdk\build-tools\23.0.0\lib\dx.jar
Launcher Type: SUN_STANDARD

Environment Variables:
PATH=C:\ProgramData\Oracle\Java\javapath;C:\WINDOWS\system32;C:\WINDOWS;C:\WINDOWS\System32\Wbem;C:\WINDOWS\System32\WindowsPowerShell\v1.0\;C:\Program Files\Intel\WiFi\bin\;C:\Program Files\Common Files\Intel\WirelessCommon\;C:\Program Files (x86)\NVIDIA Corporation\PhysX\Common;E:\TortoiseSVN\bin;C:\Program Files\Intel\WiFi\bin\;C:\Program Files\Common Files\Intel\WirelessCommon\
USERNAME=Yeong How
OS=Windows_NT
PROCESSOR_IDENTIFIER=Intel64 Family 6 Model 94 Stepping 3, GenuineIntel



---------------  S Y S T E M  ---------------

OS: Windows 10.0 , 64 bit Build 10586 (10.0.10586.0)

CPU:total 8 (4 cores per cpu, 2 threads per core) family 6 model 94 stepping 3, cmov, cx8, fxsr, mmx, sse, sse2, sse3, ssse3, sse4.1, sse4.2, popcnt, avx, avx2, aes, clmul, erms, rtm, 3dnowpref, lzcnt, ht, tsc, tscinvbit, bmi1, bmi2, adx

Memory: 4k page, physical 8288816k(1450676k free), swap 9337392k(6256k free)

vm_info: Java HotSpot(TM) 64-Bit Server VM (25.73-b02) for windows-amd64 JRE (1.8.0_73-b02), built on Jan 29 2016 17:38:49 by "java_re" with MS VC++ 10.0 (VS2010)

time: Mon Apr 04 00:09:10 2016
elapsed time: 0 seconds (0d 0h 0m 0s)

