#
# There is insufficient memory for the Java Runtime Environment to continue.
# Native memory allocation (malloc) failed to allocate 842096 bytes for Chunk::new
# Possible reasons:
#   The system is out of physical RAM or swap space
#   In 32 bit mode, the process size limit was hit
# Possible solutions:
#   Reduce memory load on the system
#   Increase physical memory or swap space
#   Check if swap backing store is full
#   Use 64 bit Java on a 64 bit OS
#   Decrease Java heap size (-Xmx/-Xms)
#   Decrease number of Java threads
#   Decrease Java thread stack sizes (-Xss)
#   Set larger code cache with -XX:ReservedCodeCacheSize=
# This output file may be truncated or incomplete.
#
#  Out of Memory Error (allocation.cpp:390), pid=5652, tid=8800
#
# JRE version: Java(TM) SE Runtime Environment (8.0_73-b02) (build 1.8.0_73-b02)
# Java VM: Java HotSpot(TM) 64-Bit Server VM (25.73-b02 mixed mode windows-amd64 compressed oops)
# Failed to write core dump. Minidumps are not enabled by default on client versions of Windows
#

---------------  T H R E A D  ---------------

Current thread (0x0000000016f29800):  JavaThread "C2 CompilerThread1" daemon [_thread_in_native, id=8800, stack(0x0000000017600000,0x0000000017700000)]

Stack: [0x0000000017600000,0x0000000017700000]
[error occurred during error reporting (printing stack bounds), id 0xc0000005]

Native frames: (J=compiled Java code, j=interpreted, Vv=VM code, C=native code)


Current CompileTask:
C2:   4236 1458       4       com.android.dx.ssa.SCCP::simulateBlock (54 bytes)


---------------  P R O C E S S  ---------------

Java Threads: ( => current thread )
  0x00000000171f6800 JavaThread "pool-1-thread-4" [_thread_blocked, id=9596, stack(0x0000000017f00000,0x0000000018000000)]
  0x00000000171f5800 JavaThread "pool-1-thread-3" [_thread_blocked, id=8256, stack(0x0000000017e00000,0x0000000017f00000)]
  0x00000000171ef000 JavaThread "pool-1-thread-2" [_thread_blocked, id=6880, stack(0x0000000017d00000,0x0000000017e00000)]
  0x00000000171ee000 JavaThread "pool-2-thread-1" [_thread_blocked, id=6008, stack(0x0000000017c00000,0x0000000017d00000)]
  0x00000000171ea800 JavaThread "pool-1-thread-1" [_thread_blocked, id=5696, stack(0x0000000017b00000,0x0000000017c00000)]
  0x0000000016fb8000 JavaThread "Service Thread" daemon [_thread_blocked, id=2972, stack(0x0000000017900000,0x0000000017a00000)]
  0x0000000016f8a800 JavaThread "C1 CompilerThread3" daemon [_thread_blocked, id=5736, stack(0x0000000017800000,0x0000000017900000)]
  0x0000000016f4b000 JavaThread "C2 CompilerThread2" daemon [_thread_blocked, id=4776, stack(0x0000000017700000,0x0000000017800000)]
=>0x0000000016f29800 JavaThread "C2 CompilerThread1" daemon [_thread_in_native, id=8800, stack(0x0000000017600000,0x0000000017700000)]
  0x0000000016f24800 JavaThread "C2 CompilerThread0" daemon [_thread_blocked, id=9648, stack(0x0000000017500000,0x0000000017600000)]
  0x0000000016f22800 JavaThread "Attach Listener" daemon [_thread_blocked, id=6132, stack(0x0000000017400000,0x0000000017500000)]
  0x000000000231e800 JavaThread "Signal Dispatcher" daemon [_thread_blocked, id=10568, stack(0x0000000017300000,0x0000000017400000)]
  0x0000000002318800 JavaThread "Finalizer" daemon [_thread_blocked, id=5380, stack(0x0000000016d20000,0x0000000016e20000)]
  0x0000000014e3d800 JavaThread "Reference Handler" daemon [_thread_blocked, id=10828, stack(0x0000000016c20000,0x0000000016d20000)]
  0x0000000002220800 JavaThread "main" [_thread_blocked, id=6028, stack(0x0000000002120000,0x0000000002220000)]

Other Threads:
  0x0000000014e39800 VMThread [stack: 0x0000000016b20000,0x0000000016c20000] [id=7164]
  0x0000000016fba000 WatcherThread [stack: 0x0000000017a00000,0x0000000017b00000] [id=4784]

VM state:not at safepoint (normal execution)

VM Mutex/Monitor currently owned by a thread: None

Heap:
 PSYoungGen      total 38400K, used 11746K [0x00000000eab00000, 0x00000000ef600000, 0x0000000100000000)
  eden space 33280K, 19% used [0x00000000eab00000,0x00000000eb17b328,0x00000000ecb80000)
  from space 5120K, 99% used [0x00000000ecb80000,0x00000000ed07d540,0x00000000ed080000)
  to   space 5120K, 0% used [0x00000000ef100000,0x00000000ef100000,0x00000000ef600000)
 ParOldGen       total 87552K, used 1375K [0x00000000c0000000, 0x00000000c5580000, 0x00000000eab00000)
  object space 87552K, 1% used [0x00000000c0000000,0x00000000c0157c48,0x00000000c5580000)
 Metaspace       used 6050K, capacity 7024K, committed 7296K, reserved 1056768K
  class space    used 592K, capacity 616K, committed 640K, reserved 1048576K

Card table byte_map: [0x00000000116e0000,0x00000000118f0000] byte_map_base: 0x00000000110e0000

Marking Bits: (ParMarkBitMap*) 0x000000005ce90600
 Begin Bits: [0x0000000012250000, 0x0000000013250000)
 End Bits:   [0x0000000013250000, 0x0000000014250000)

Polling page: 0x0000000000510000

CodeCache: size=245760Kb used=6092Kb max_used=6105Kb free=239667Kb
 bounds [0x0000000002320000, 0x0000000002920000, 0x0000000011320000]
 total_blobs=1727 nmethods=1458 adapters=182
 compilation: enabled

Compilation events (10 events):
Event: 4.208 Thread 0x0000000016f4b000 1457       4       com.android.dx.ssa.SsaBasicBlock::exitBlockFixup (58 bytes)
Event: 4.208 Thread 0x0000000016f29800 1458       4       com.android.dx.ssa.SCCP::simulateBlock (54 bytes)
Event: 4.217 Thread 0x0000000016f24800 nmethod 1456 0x00000000029149d0 code [0x0000000002914b60, 0x00000000029151f8]
Event: 4.217 Thread 0x0000000016f24800 1459       4       java.util.ArrayList$SubList::removeRange (47 bytes)
Event: 4.219 Thread 0x0000000016f4b000 nmethod 1457 0x00000000029164d0 code [0x0000000002916640, 0x0000000002916d78]
Event: 4.221 Thread 0x0000000016f8a800 1460       3       java.lang.String::lastIndexOf (151 bytes)
Event: 4.221 Thread 0x0000000016f4b000 1461       4       java.io.DataInputStream::readUnsignedShort (39 bytes)
Event: 4.221 Thread 0x0000000016f8a800 nmethod 1460 0x0000000002913d90 code [0x0000000002913f40, 0x0000000002914490]
Event: 4.221 Thread 0x0000000016f24800 nmethod 1459 0x0000000002915ed0 code [0x0000000002916020, 0x0000000002916298]
Event: 4.227 Thread 0x0000000016f4b000 nmethod 1461 0x000000000291a690 code [0x000000000291a800, 0x000000000291ae98]

GC Heap History (2 events):
Event: 1.958 GC heap before
{Heap before GC invocations=1 (full 0):
 PSYoungGen      total 38400K, used 33280K [0x00000000eab00000, 0x00000000ed580000, 0x0000000100000000)
  eden space 33280K, 100% used [0x00000000eab00000,0x00000000ecb80000,0x00000000ecb80000)
  from space 5120K, 0% used [0x00000000ed080000,0x00000000ed080000,0x00000000ed580000)
  to   space 5120K, 0% used [0x00000000ecb80000,0x00000000ecb80000,0x00000000ed080000)
 ParOldGen       total 87552K, used 0K [0x00000000c0000000, 0x00000000c5580000, 0x00000000eab00000)
  object space 87552K, 0% used [0x00000000c0000000,0x00000000c0000000,0x00000000c5580000)
 Metaspace       used 5934K, capacity 6960K, committed 7040K, reserved 1056768K
  class space    used 592K, capacity 616K, committed 640K, reserved 1048576K
Event: 2.401 GC heap after
Heap after GC invocations=1 (full 0):
 PSYoungGen      total 38400K, used 5109K [0x00000000eab00000, 0x00000000ef600000, 0x0000000100000000)
  eden space 33280K, 0% used [0x00000000eab00000,0x00000000eab00000,0x00000000ecb80000)
  from space 5120K, 99% used [0x00000000ecb80000,0x00000000ed07d540,0x00000000ed080000)
  to   space 5120K, 0% used [0x00000000ef100000,0x00000000ef100000,0x00000000ef600000)
 ParOldGen       total 87552K, used 1375K [0x00000000c0000000, 0x00000000c5580000, 0x00000000eab00000)
  object space 87552K, 1% used [0x00000000c0000000,0x00000000c0157c48,0x00000000c5580000)
 Metaspace       used 5934K, capacity 6960K, committed 7040K, reserved 1056768K
  class space    used 592K, capacity 616K, committed 640K, reserved 1048576K
}

Deoptimization events (10 events):
Event: 0.713 Thread 0x00000000171f6800 Uncommon trap: reason=unstable_if action=reinterpret pc=0x00000000025261b0 method=java.util.BitSet.nextSetBit(I)I @ 87
Event: 0.776 Thread 0x00000000171ea800 Uncommon trap: reason=unstable_if action=reinterpret pc=0x0000000002528900 method=java.util.HashMap.getNode(ILjava/lang/Object;)Ljava/util/HashMap$Node; @ 129
Event: 1.079 Thread 0x00000000171f5800 Uncommon trap: reason=unstable_if action=reinterpret pc=0x000000000259a834 method=java.util.BitSet.ensureCapacity(I)V @ 6
Event: 1.161 Thread 0x00000000171f6800 Uncommon trap: reason=null_check action=make_not_entrant pc=0x0000000002678e28 method=com.android.dx.rop.type.Type.equals(Ljava/lang/Object;)Z @ 8
Event: 1.499 Thread 0x0000000002220800 Uncommon trap: reason=unstable_if action=reinterpret pc=0x000000000261f424 method=com.android.dx.rop.code.LocalItem.hashCode()I @ 25
Event: 1.499 Thread 0x0000000002220800 Uncommon trap: reason=unstable_if action=reinterpret pc=0x00000000025ea2e4 method=com.android.dx.rop.code.LocalItem.hashCode()I @ 25
Event: 1.499 Thread 0x0000000002220800 Uncommon trap: reason=unstable_if action=reinterpret pc=0x00000000025dcd1c method=com.android.dx.rop.code.LocalItem.hashCode()I @ 25
Event: 1.584 Thread 0x00000000171ea800 Uncommon trap: reason=null_check action=make_not_entrant pc=0x00000000025f82c8 method=com.android.dx.ssa.SsaRenamer.getLocalForNewReg(I)Lcom/android/dx/rop/code/LocalItem; @ 19
Event: 3.190 Thread 0x00000000171ea800 Uncommon trap: reason=unstable_if action=reinterpret pc=0x000000000272c584 method=com.android.dx.rop.code.RegisterSpecSet.<init>(I)V @ 2
Event: 3.548 Thread 0x00000000171ea800 Uncommon trap: reason=unstable_if action=reinterpret pc=0x00000000027531b0 method=com.android.dx.ssa.SsaRenamer$BlockRenamer.addMapping(ILcom/android/dx/rop/code/RegisterSpec;)V @ 120

Internal exceptions (4 events):
Event: 0.042 Thread 0x0000000002220800 Exception <a 'java/lang/NoSuchMethodError': Method sun.misc.Unsafe.defineClass(Ljava/lang/String;[BII)Ljava/lang/Class; name or signature does not match> (0x00000000eab0d2e8) thrown at [D:\re\puppet\workspace\8-2-build-windows-amd64-cygwin\jdk8u73\6086\hot* #Ow»¥?
Event: 0.042 Thread 0x0000000002220800 Exception <a 'java/lang/NoSuchMethodError': Method sun.misc.Unsafe.prefetchRead(Ljava/lang/Object;J)V name or signature does not match> (0x00000000eab0d5d0) thrown at [D:\re\puppet\workspace\8-2-build-windows-amd64-cygwin\jdk8u73\6086\hotspot\src\share\vm\êÂµŸz’ò?
Event: 1.161 Thread 0x00000000171f6800 Implicit null exception at 0x0000000002678d22 to 0x0000000002678e1a
Event: 1.584 Thread 0x00000000171ea800 Implicit null exception at 0x00000000025f5edf to 0x00000000025f8285

Events (10 events):
Event: 1.945 Executing VM operation: ParallelGCFailedAllocation
Event: 2.401 Executing VM operation: ParallelGCFailedAllocation done
Event: 3.190 Thread 0x00000000171ea800 Uncommon trap: trap_request=0xffffff65 fr.pc=0x000000000272c584
Event: 3.190 Thread 0x00000000171ea800 DEOPT PACKING pc=0x000000000272c584 sp=0x0000000017bfeb10
Event: 3.190 Thread 0x00000000171ea800 DEOPT UNPACKING pc=0x000000000236582a sp=0x0000000017bfea40 mode 2
Event: 3.548 Thread 0x00000000171ea800 Uncommon trap: trap_request=0xffffff65 fr.pc=0x00000000027531b0
Event: 3.548 Thread 0x00000000171ea800 DEOPT PACKING pc=0x00000000027531b0 sp=0x0000000017bfe780
Event: 3.548 Thread 0x00000000171ea800 DEOPT UNPACKING pc=0x000000000236582a sp=0x0000000017bfe710 mode 2
Event: 4.172 Executing VM operation: EnableBiasedLocking
Event: 4.172 Executing VM operation: EnableBiasedLocking done


Dynamic libraries:
0x00007ff60cf00000 - 0x00007ff60cf37000 	E:\Java\jdk1.8.0_73\bin\java.exe
0x00007ff887be0000 - 0x00007ff887da1000 	C:\WINDOWS\SYSTEM32\ntdll.dll
0x00007ff886140000 - 0x00007ff8861ed000 	C:\WINDOWS\system32\KERNEL32.DLL
0x00007ff8842b0000 - 0x00007ff884498000 	C:\WINDOWS\system32\KERNELBASE.dll
0x00007ff886550000 - 0x00007ff8865f7000 	C:\WINDOWS\system32\ADVAPI32.dll
0x00007ff8855e0000 - 0x00007ff88567d000 	C:\WINDOWS\system32\msvcrt.dll
0x00007ff885f10000 - 0x00007ff885f6b000 	C:\WINDOWS\system32\sechost.dll
0x00007ff886370000 - 0x00007ff88648c000 	C:\WINDOWS\system32\RPCRT4.dll
0x00007ff885c00000 - 0x00007ff885d56000 	C:\WINDOWS\system32\USER32.dll
0x00007ff885020000 - 0x00007ff8851a6000 	C:\WINDOWS\system32\GDI32.dll
0x00007ff8801f0000 - 0x00007ff880464000 	C:\WINDOWS\WinSxS\amd64_microsoft.windows.common-controls_6595b64144ccf1df_6.0.10586.0_none_8c15ae12515e1c22\COMCTL32.dll
0x00007ff885290000 - 0x00007ff88550d000 	C:\WINDOWS\system32\combase.dll
0x00007ff8844a0000 - 0x00007ff88450a000 	C:\WINDOWS\system32\bcryptPrimitives.dll
0x00007ff884fe0000 - 0x00007ff88501b000 	C:\WINDOWS\system32\IMM32.DLL
0x000000005c5a0000 - 0x000000005c672000 	E:\Java\jdk1.8.0_73\jre\bin\msvcr100.dll
0x000000005c680000 - 0x000000005cf10000 	E:\Java\jdk1.8.0_73\jre\bin\server\jvm.dll
0x00007ff8851b0000 - 0x00007ff8851b8000 	C:\WINDOWS\system32\PSAPI.DLL
0x00007ff874800000 - 0x00007ff874809000 	C:\WINDOWS\SYSTEM32\WSOCK32.dll
0x00007ff887b70000 - 0x00007ff887bdb000 	C:\WINDOWS\system32\WS2_32.dll
0x00007ff8829a0000 - 0x00007ff8829c3000 	C:\WINDOWS\SYSTEM32\WINMM.dll
0x00007ff880530000 - 0x00007ff88053a000 	C:\WINDOWS\SYSTEM32\VERSION.dll
0x00007ff882940000 - 0x00007ff88296c000 	C:\WINDOWS\SYSTEM32\WINMMBASE.dll
0x00007ff884ee0000 - 0x00007ff884f23000 	C:\WINDOWS\system32\cfgmgr32.dll
0x000000005c590000 - 0x000000005c59f000 	E:\Java\jdk1.8.0_73\jre\bin\verify.dll
0x000000005c560000 - 0x000000005c589000 	E:\Java\jdk1.8.0_73\jre\bin\java.dll
0x000000005c540000 - 0x000000005c556000 	E:\Java\jdk1.8.0_73\jre\bin\zip.dll
0x00007ff886600000 - 0x00007ff887b5c000 	C:\WINDOWS\system32\SHELL32.dll
0x00007ff8846e0000 - 0x00007ff884d25000 	C:\WINDOWS\system32\windows.storage.dll
0x00007ff8864f0000 - 0x00007ff886542000 	C:\WINDOWS\system32\shlwapi.dll
0x00007ff884280000 - 0x00007ff88428f000 	C:\WINDOWS\system32\kernel.appcore.dll
0x00007ff884dc0000 - 0x00007ff884e75000 	C:\WINDOWS\system32\shcore.dll
0x00007ff884230000 - 0x00007ff88427b000 	C:\WINDOWS\system32\powrprof.dll
0x00007ff884200000 - 0x00007ff884214000 	C:\WINDOWS\system32\profapi.dll

VM Arguments:
jvm_args: -Djava.awt.headless=true -Xmx1024M -Dfile.encoding=windows-1252 -Duser.country=US -Duser.language=en -Duser.variant 
java_command: com.android.dx.command.Main --dex --num-threads=4 --output C:\Users\Yeong How\Documents\GitHub\HawkerDelivery\app\build\intermediates\pre-dexed\debug\internal_impl-23.2.1_c1455bea307f6bba92095bdfcf4e68109087a2b4.jar C:\Users\Yeong How\Documents\GitHub\HawkerDelivery\app\build\intermediates\exploded-aar\com.android.support\support-v4\23.2.1\jars\libs\internal_impl-23.2.1.jar
java_class_path (initial): E:\Android\sdk\build-tools\23.0.0\lib\dx.jar
Launcher Type: SUN_STANDARD

Environment Variables:
PATH=C:\ProgramData\Oracle\Java\javapath;C:\WINDOWS\system32;C:\WINDOWS;C:\WINDOWS\System32\Wbem;C:\WINDOWS\System32\WindowsPowerShell\v1.0\;C:\Program Files\Intel\WiFi\bin\;C:\Program Files\Common Files\Intel\WirelessCommon\;C:\Program Files (x86)\NVIDIA Corporation\PhysX\Common;E:\TortoiseSVN\bin;C:\Program Files\Intel\WiFi\bin\;C:\Program Files\Common Files\Intel\WirelessCommon\
USERNAME=Yeong How
OS=Windows_NT
PROCESSOR_IDENTIFIER=Intel64 Family 6 Model 94 Stepping 3, GenuineIntel



---------------  S Y S T E M  ---------------

OS: Windows 10.0 , 64 bit Build 10586 (10.0.10586.0)

CPU:total 8 (4 cores per cpu, 2 threads per core) family 6 model 94 stepping 3, cmov, cx8, fxsr, mmx, sse, sse2, sse3, ssse3, sse4.1, sse4.2, popcnt, avx, avx2, aes, clmul, erms, rtm, 3dnowpref, lzcnt, ht, tsc, tscinvbit, bmi1, bmi2, adx

Memory: 4k page, physical 8288816k(1344548k free), swap 9337148k(5812k free)

vm_info: Java HotSpot(TM) 64-Bit Server VM (25.73-b02) for windows-amd64 JRE (1.8.0_73-b02), built on Jan 29 2016 17:38:49 by "java_re" with MS VC++ 10.0 (VS2010)

time: Mon Apr 04 00:22:55 2016
elapsed time: 4 seconds (0d 0h 0m 4s)

